<?xml version="1.0" encoding="UTF-8"?>
<testsuite xmlns:xsi="http://www.w3.org/2001/XMLSchema-instance" xsi:noNamespaceSchemaLocation="https://maven.apache.org/surefire/maven-surefire-plugin/xsd/surefire-test-report.xsd" name="org.orekit.utils.IERSConventionsTest" time="3.163" tests="57" errors="0" skipped="0" failures="0">
  <properties>
    <property name="java.runtime.name" value="OpenJDK Runtime Environment"/>
    <property name="sun.boot.library.path" value="/usr/lib/jvm/java-8-openjdk-amd64/jre/lib/amd64"/>
    <property name="java.vm.version" value="25.282-b08"/>
    <property name="java.vm.vendor" value="Private Build"/>
    <property name="maven.multiModuleProjectDirectory" value="/home/paolo/codes/constellation-manager/orekit/py_orekit"/>
    <property name="java.vendor.url" value="http://java.oracle.com/"/>
    <property name="path.separator" value=":"/>
    <property name="guice.disable.misplaced.annotation.check" value="true"/>
    <property name="java.vm.name" value="OpenJDK 64-Bit Server VM"/>
    <property name="file.encoding.pkg" value="sun.io"/>
    <property name="sun.java.launcher" value="SUN_STANDARD"/>
    <property name="sun.os.patch.level" value="unknown"/>
    <property name="java.vm.specification.name" value="Java Virtual Machine Specification"/>
    <property name="user.dir" value="/home/paolo/codes/constellation-manager/orekit/py_orekit"/>
    <property name="java.runtime.version" value="1.8.0_282-8u282-b08-0ubuntu1~20.04-b08"/>
    <property name="java.awt.graphicsenv" value="sun.awt.X11GraphicsEnvironment"/>
    <property name="java.endorsed.dirs" value="/usr/lib/jvm/java-8-openjdk-amd64/jre/lib/endorsed"/>
    <property name="os.arch" value="amd64"/>
    <property name="java.io.tmpdir" value="/tmp"/>
    <property name="line.separator" value="&#10;"/>
    <property name="java.vm.specification.vendor" value="Oracle Corporation"/>
    <property name="os.name" value="Linux"/>
    <property name="classworlds.conf" value="/usr/share/maven/bin/m2.conf"/>
    <property name="sun.jnu.encoding" value="UTF-8"/>
    <property name="java.library.path" value="/usr/java/packages/lib/amd64:/usr/lib/x86_64-linux-gnu/jni:/lib/x86_64-linux-gnu:/usr/lib/x86_64-linux-gnu:/usr/lib/jni:/lib:/usr/lib"/>
    <property name="maven.conf" value="/usr/share/maven/conf"/>
    <property name="java.specification.name" value="Java Platform API Specification"/>
    <property name="java.class.version" value="52.0"/>
    <property name="sun.management.compiler" value="HotSpot 64-Bit Tiered Compilers"/>
    <property name="os.version" value="5.4.72-microsoft-standard-WSL2"/>
    <property name="library.jansi.path" value="/usr/share/maven/lib/jansi-native"/>
    <property name="user.home" value="/home/paolo"/>
    <property name="user.timezone" value="Europe/Rome"/>
    <property name="java.awt.printerjob" value="sun.print.PSPrinterJob"/>
    <property name="java.specification.version" value="1.8"/>
    <property name="file.encoding" value="UTF-8"/>
    <property name="user.name" value="paolo"/>
    <property name="java.class.path" value="/usr/share/maven/boot/plexus-classworlds-2.x.jar"/>
    <property name="java.vm.specification.version" value="1.8"/>
    <property name="sun.arch.data.model" value="64"/>
    <property name="java.home" value="/usr/lib/jvm/java-8-openjdk-amd64/jre"/>
    <property name="sun.java.command" value="org.codehaus.plexus.classworlds.launcher.Launcher package"/>
    <property name="java.specification.vendor" value="Oracle Corporation"/>
    <property name="user.language" value="en"/>
    <property name="awt.toolkit" value="sun.awt.X11.XToolkit"/>
    <property name="java.vm.info" value="mixed mode"/>
    <property name="java.version" value="1.8.0_282"/>
    <property name="java.ext.dirs" value="/usr/lib/jvm/java-8-openjdk-amd64/jre/lib/ext:/usr/java/packages/lib/ext"/>
    <property name="securerandom.source" value="file:/dev/./urandom"/>
    <property name="sun.boot.class.path" value="/usr/lib/jvm/java-8-openjdk-amd64/jre/lib/resources.jar:/usr/lib/jvm/java-8-openjdk-amd64/jre/lib/rt.jar:/usr/lib/jvm/java-8-openjdk-amd64/jre/lib/sunrsasign.jar:/usr/lib/jvm/java-8-openjdk-amd64/jre/lib/jsse.jar:/usr/lib/jvm/java-8-openjdk-amd64/jre/lib/jce.jar:/usr/lib/jvm/java-8-openjdk-amd64/jre/lib/charsets.jar:/usr/lib/jvm/java-8-openjdk-amd64/jre/lib/jfr.jar:/usr/lib/jvm/java-8-openjdk-amd64/jre/classes"/>
    <property name="java.vendor" value="Private Build"/>
    <property name="maven.home" value="/usr/share/maven"/>
    <property name="file.separator" value="/"/>
    <property name="java.vendor.url.bug" value="http://bugreport.sun.com/bugreport/"/>
    <property name="sun.cpu.endian" value="little"/>
    <property name="sun.io.unicode.encoding" value="UnicodeLittle"/>
    <property name="sun.cpu.isalist" value=""/>
  </properties>
  <testcase name="testGMST00FieldConsistency" classname="org.orekit.utils.IERSConventionsTest" time="0.083"/>
  <testcase name="testGMST2000vs82" classname="org.orekit.utils.IERSConventionsTest" time="0.123"/>
  <testcase name="testGST00ASofa" classname="org.orekit.utils.IERSConventionsTest" time="0.018"/>
  <testcase name="testTideFrequencyDependenceFunction2003FieldConsistency" classname="org.orekit.utils.IERSConventionsTest" time="0.087"/>
  <testcase name="testXYSpXY2Function2003FieldConsistency" classname="org.orekit.utils.IERSConventionsTest" time="0.322"/>
  <testcase name="testPrecessionFunction1996FieldConsistency" classname="org.orekit.utils.IERSConventionsTest" time="0.001"/>
  <testcase name="testGST06FieldConsistency" classname="org.orekit.utils.IERSConventionsTest" time="0.128"/>
  <testcase name="testIAU1994ResolutionC7Discontinuity" classname="org.orekit.utils.IERSConventionsTest" time="0.004"/>
  <testcase name="testNutationFunction2003FieldConsistency" classname="org.orekit.utils.IERSConventionsTest" time="0.272"/>
  <testcase name="testIERS1996NutationAngles" classname="org.orekit.utils.IERSConventionsTest" time="0.002"/>
  <testcase name="testOceanPoleTide2010FieldConsistency" classname="org.orekit.utils.IERSConventionsTest" time="0.036"/>
  <testcase name="testEOPTidalCorrection2010FieldConsistency" classname="org.orekit.utils.IERSConventionsTest" time="0.077"/>
  <testcase name="testTideFrequencyDependenceFunction1996FieldConsistency" classname="org.orekit.utils.IERSConventionsTest" time="0.082"/>
  <testcase name="testXYSpXY2Function1996FieldConsistency" classname="org.orekit.utils.IERSConventionsTest" time="0.03"/>
  <testcase name="testNutationFunction1996FieldConsistency" classname="org.orekit.utils.IERSConventionsTest" time="0.021"/>
  <testcase name="testTidalCorrection1996" classname="org.orekit.utils.IERSConventionsTest" time="0.005"/>
  <testcase name="testTidalCorrection2003" classname="org.orekit.utils.IERSConventionsTest" time="0.004"/>
  <testcase name="testTidalCorrection2010" classname="org.orekit.utils.IERSConventionsTest" time="0.004"/>
  <testcase name="testOceanPoleTide2003FieldConsistency" classname="org.orekit.utils.IERSConventionsTest" time="0.031"/>
  <testcase name="testGST94FieldConsistency" classname="org.orekit.utils.IERSConventionsTest" time="0.054"/>
  <testcase name="testEOPTidalCorrection2003FieldConsistency" classname="org.orekit.utils.IERSConventionsTest" time="0.065"/>
  <testcase name="testFieldGMSTRate1996" classname="org.orekit.utils.IERSConventionsTest" time="0.054"/>
  <testcase name="testFieldGMSTRate2003" classname="org.orekit.utils.IERSConventionsTest" time="0.036"/>
  <testcase name="testFieldGMSTRate2010" classname="org.orekit.utils.IERSConventionsTest" time="0.028"/>
  <testcase name="testGST00AFieldConsistencyNoEOP" classname="org.orekit.utils.IERSConventionsTest" time="0.111"/>
  <testcase name="testSolidPoleTide2010FieldConsistency" classname="org.orekit.utils.IERSConventionsTest" time="0.035"/>
  <testcase name="testGST94FieldConsistencyNoEOP" classname="org.orekit.utils.IERSConventionsTest" time="0.009"/>
  <testcase name="testOceanPoleTide1996FieldConsistency" classname="org.orekit.utils.IERSConventionsTest" time="0.034"/>
  <testcase name="testEOPTidalCorrection1996FieldConsistency" classname="org.orekit.utils.IERSConventionsTest" time="0.01"/>
  <testcase name="testMeanObliquityFunction2010FieldConsistency" classname="org.orekit.utils.IERSConventionsTest" time="0"/>
  <testcase name="testGMST00Sofa" classname="org.orekit.utils.IERSConventionsTest" time="0.032"/>
  <testcase name="testGMSTRate1996" classname="org.orekit.utils.IERSConventionsTest" time="0.036"/>
  <testcase name="testGMSTRate2003" classname="org.orekit.utils.IERSConventionsTest" time="0.032"/>
  <testcase name="testGMSTRate2010" classname="org.orekit.utils.IERSConventionsTest" time="0.039"/>
  <testcase name="testGMST06Sofa" classname="org.orekit.utils.IERSConventionsTest" time="0.036"/>
  <testcase name="testERA2010FieldConsistency" classname="org.orekit.utils.IERSConventionsTest" time="0.043"/>
  <testcase name="testGST00AFieldConsistency" classname="org.orekit.utils.IERSConventionsTest" time="0.145"/>
  <testcase name="testGMST82Sofa" classname="org.orekit.utils.IERSConventionsTest" time="0.034"/>
  <testcase name="testGST06Sofa" classname="org.orekit.utils.IERSConventionsTest" time="0.008"/>
  <testcase name="testSolidPoleTide2003FieldConsistency" classname="org.orekit.utils.IERSConventionsTest" time="0.037"/>
  <testcase name="testPrecessionFunction2010FieldConsistency" classname="org.orekit.utils.IERSConventionsTest" time="0.001"/>
  <testcase name="testGST94Sofa" classname="org.orekit.utils.IERSConventionsTest" time="0.002"/>
  <testcase name="testMeanObliquityFunction2003FieldConsistency" classname="org.orekit.utils.IERSConventionsTest" time="0.001"/>
  <testcase name="testGMST82FieldConsistency" classname="org.orekit.utils.IERSConventionsTest" time="0.035"/>
  <testcase name="testERA2003FieldConsistency" classname="org.orekit.utils.IERSConventionsTest" time="0.027"/>
  <testcase name="testERASofa" classname="org.orekit.utils.IERSConventionsTest" time="0.026"/>
  <testcase name="testTideFrequencyDependenceFunction2010FieldConsistency" classname="org.orekit.utils.IERSConventionsTest" time="0.051"/>
  <testcase name="testXYSpXY2Function2010FieldConsistency" classname="org.orekit.utils.IERSConventionsTest" time="0.313"/>
  <testcase name="testSolidPoleTide1996FieldConsistency" classname="org.orekit.utils.IERSConventionsTest" time="0.039"/>
  <testcase name="testPrecessionFunction2003FieldConsistency" classname="org.orekit.utils.IERSConventionsTest" time="0"/>
  <testcase name="testGMST06FieldConsistency" classname="org.orekit.utils.IERSConventionsTest" time="0.029"/>
  <testcase name="testGMST2000vs2006" classname="org.orekit.utils.IERSConventionsTest" time="0.027"/>
  <testcase name="testNutationFunction2010FieldConsistency" classname="org.orekit.utils.IERSConventionsTest" time="0.281"/>
  <testcase name="testMeanObliquityFunction1996FieldConsistency" classname="org.orekit.utils.IERSConventionsTest" time="0"/>
  <testcase name="testGST06FieldConsistencyNoEOP" classname="org.orekit.utils.IERSConventionsTest" time="0.089"/>
  <testcase name="testConventionsNumber" classname="org.orekit.utils.IERSConventionsTest" time="0"/>
  <testcase name="testERA1996FieldConsistency" classname="org.orekit.utils.IERSConventionsTest" time="0.034"/>
</testsuite>