<?xml version="1.0" encoding="UTF-8"?>
<testsuite xmlns:xsi="http://www.w3.org/2001/XMLSchema-instance" xsi:noNamespaceSchemaLocation="https://maven.apache.org/surefire/maven-surefire-plugin/xsd/surefire-test-report.xsd" name="org.orekit.propagation.semianalytical.dsst.DSSTPropagatorTest" time="14.154" tests="27" errors="0" skipped="0" failures="0">
  <properties>
    <property name="java.runtime.name" value="OpenJDK Runtime Environment"/>
    <property name="sun.boot.library.path" value="/usr/lib/jvm/java-8-openjdk-amd64/jre/lib/amd64"/>
    <property name="java.vm.version" value="25.282-b08"/>
    <property name="java.vm.vendor" value="Private Build"/>
    <property name="maven.multiModuleProjectDirectory" value="/home/paolo/codes/constellation-manager/orekit/py_orekit"/>
    <property name="java.vendor.url" value="http://java.oracle.com/"/>
    <property name="path.separator" value=":"/>
    <property name="guice.disable.misplaced.annotation.check" value="true"/>
    <property name="java.vm.name" value="OpenJDK 64-Bit Server VM"/>
    <property name="file.encoding.pkg" value="sun.io"/>
    <property name="sun.java.launcher" value="SUN_STANDARD"/>
    <property name="sun.os.patch.level" value="unknown"/>
    <property name="java.vm.specification.name" value="Java Virtual Machine Specification"/>
    <property name="user.dir" value="/home/paolo/codes/constellation-manager/orekit/py_orekit"/>
    <property name="java.runtime.version" value="1.8.0_282-8u282-b08-0ubuntu1~20.04-b08"/>
    <property name="java.awt.graphicsenv" value="sun.awt.X11GraphicsEnvironment"/>
    <property name="java.endorsed.dirs" value="/usr/lib/jvm/java-8-openjdk-amd64/jre/lib/endorsed"/>
    <property name="os.arch" value="amd64"/>
    <property name="java.io.tmpdir" value="/tmp"/>
    <property name="line.separator" value="&#10;"/>
    <property name="java.vm.specification.vendor" value="Oracle Corporation"/>
    <property name="os.name" value="Linux"/>
    <property name="classworlds.conf" value="/usr/share/maven/bin/m2.conf"/>
    <property name="sun.jnu.encoding" value="UTF-8"/>
    <property name="java.library.path" value="/usr/java/packages/lib/amd64:/usr/lib/x86_64-linux-gnu/jni:/lib/x86_64-linux-gnu:/usr/lib/x86_64-linux-gnu:/usr/lib/jni:/lib:/usr/lib"/>
    <property name="maven.conf" value="/usr/share/maven/conf"/>
    <property name="java.specification.name" value="Java Platform API Specification"/>
    <property name="java.class.version" value="52.0"/>
    <property name="sun.management.compiler" value="HotSpot 64-Bit Tiered Compilers"/>
    <property name="os.version" value="5.4.72-microsoft-standard-WSL2"/>
    <property name="library.jansi.path" value="/usr/share/maven/lib/jansi-native"/>
    <property name="user.home" value="/home/paolo"/>
    <property name="user.timezone" value="Europe/Rome"/>
    <property name="java.awt.printerjob" value="sun.print.PSPrinterJob"/>
    <property name="java.specification.version" value="1.8"/>
    <property name="file.encoding" value="UTF-8"/>
    <property name="user.name" value="paolo"/>
    <property name="java.class.path" value="/usr/share/maven/boot/plexus-classworlds-2.x.jar"/>
    <property name="java.vm.specification.version" value="1.8"/>
    <property name="sun.arch.data.model" value="64"/>
    <property name="java.home" value="/usr/lib/jvm/java-8-openjdk-amd64/jre"/>
    <property name="sun.java.command" value="org.codehaus.plexus.classworlds.launcher.Launcher package"/>
    <property name="java.specification.vendor" value="Oracle Corporation"/>
    <property name="user.language" value="en"/>
    <property name="awt.toolkit" value="sun.awt.X11.XToolkit"/>
    <property name="java.vm.info" value="mixed mode"/>
    <property name="java.version" value="1.8.0_282"/>
    <property name="java.ext.dirs" value="/usr/lib/jvm/java-8-openjdk-amd64/jre/lib/ext:/usr/java/packages/lib/ext"/>
    <property name="securerandom.source" value="file:/dev/./urandom"/>
    <property name="sun.boot.class.path" value="/usr/lib/jvm/java-8-openjdk-amd64/jre/lib/resources.jar:/usr/lib/jvm/java-8-openjdk-amd64/jre/lib/rt.jar:/usr/lib/jvm/java-8-openjdk-amd64/jre/lib/sunrsasign.jar:/usr/lib/jvm/java-8-openjdk-amd64/jre/lib/jsse.jar:/usr/lib/jvm/java-8-openjdk-amd64/jre/lib/jce.jar:/usr/lib/jvm/java-8-openjdk-amd64/jre/lib/charsets.jar:/usr/lib/jvm/java-8-openjdk-amd64/jre/lib/jfr.jar:/usr/lib/jvm/java-8-openjdk-amd64/jre/classes"/>
    <property name="java.vendor" value="Private Build"/>
    <property name="maven.home" value="/usr/share/maven"/>
    <property name="file.separator" value="/"/>
    <property name="java.vendor.url.bug" value="http://bugreport.sun.com/bugreport/"/>
    <property name="sun.cpu.endian" value="little"/>
    <property name="sun.io.unicode.encoding" value="UnicodeLittle"/>
    <property name="sun.cpu.isalist" value=""/>
  </properties>
  <testcase name="testOsculatingToMeanState" classname="org.orekit.propagation.semianalytical.dsst.DSSTPropagatorTest" time="0.044"/>
  <testcase name="testStopEvent" classname="org.orekit.propagation.semianalytical.dsst.DSSTPropagatorTest" time="0.01"/>
  <testcase name="testIssue339WithAccelerations" classname="org.orekit.propagation.semianalytical.dsst.DSSTPropagatorTest" time="0.205"/>
  <testcase name="testTooSmallMaxDegree" classname="org.orekit.propagation.semianalytical.dsst.DSSTPropagatorTest" time="0.001"/>
  <testcase name="testEphemerisGeneration" classname="org.orekit.propagation.semianalytical.dsst.DSSTPropagatorTest" time="7.934"/>
  <testcase name="testHighDegreesSetting" classname="org.orekit.propagation.semianalytical.dsst.DSSTPropagatorTest" time="3.502"/>
  <testcase name="testGetInitialOsculatingState" classname="org.orekit.propagation.semianalytical.dsst.DSSTPropagatorTest" time="0.002"/>
  <testcase name="testImpulseManeuver" classname="org.orekit.propagation.semianalytical.dsst.DSSTPropagatorTest" time="0.006"/>
  <testcase name="testNoExtrapolation" classname="org.orekit.propagation.semianalytical.dsst.DSSTPropagatorTest" time="0.003"/>
  <testcase name="testMeanToOsculatingState" classname="org.orekit.propagation.semianalytical.dsst.DSSTPropagatorTest" time="0.004"/>
  <testcase name="testContinueEvent" classname="org.orekit.propagation.semianalytical.dsst.DSSTPropagatorTest" time="0.003"/>
  <testcase name="testWrongMaxPower" classname="org.orekit.propagation.semianalytical.dsst.DSSTPropagatorTest" time="0.001"/>
  <testcase name="testPropagationWithDrag" classname="org.orekit.propagation.semianalytical.dsst.DSSTPropagatorTest" time="0.042"/>
  <testcase name="testIssueMeanInclination" classname="org.orekit.propagation.semianalytical.dsst.DSSTPropagatorTest" time="0.007"/>
  <testcase name="testTooLargeMaxDegree" classname="org.orekit.propagation.semianalytical.dsst.DSSTPropagatorTest" time="0.001"/>
  <testcase name="testPropagationWithCentralBody" classname="org.orekit.propagation.semianalytical.dsst.DSSTPropagatorTest" time="0.007"/>
  <testcase name="testPropagationWithSolarRadiationPressure" classname="org.orekit.propagation.semianalytical.dsst.DSSTPropagatorTest" time="0.056"/>
  <testcase name="testShortPeriodCoefficients" classname="org.orekit.propagation.semianalytical.dsst.DSSTPropagatorTest" time="1.427"/>
  <testcase name="testEphemerisDates" classname="org.orekit.propagation.semianalytical.dsst.DSSTPropagatorTest" time="0.028"/>
  <testcase name="testEphemeris" classname="org.orekit.propagation.semianalytical.dsst.DSSTPropagatorTest" time="0.002"/>
  <testcase name="testIssue157" classname="org.orekit.propagation.semianalytical.dsst.DSSTPropagatorTest" time="0.492"/>
  <testcase name="testIssue257" classname="org.orekit.propagation.semianalytical.dsst.DSSTPropagatorTest" time="0.009"/>
  <testcase name="testIssue339" classname="org.orekit.propagation.semianalytical.dsst.DSSTPropagatorTest" time="0.246"/>
  <testcase name="testIssue363" classname="org.orekit.propagation.semianalytical.dsst.DSSTPropagatorTest" time="0.052"/>
  <testcase name="testIssue364" classname="org.orekit.propagation.semianalytical.dsst.DSSTPropagatorTest" time="0.047"/>
  <testcase name="testKepler" classname="org.orekit.propagation.semianalytical.dsst.DSSTPropagatorTest" time="0.003"/>
  <testcase name="testPropagationWithThirdBody" classname="org.orekit.propagation.semianalytical.dsst.DSSTPropagatorTest" time="0.016"/>
</testsuite>