<?xml version="1.0" encoding="UTF-8"?>
<testsuite xmlns:xsi="http://www.w3.org/2001/XMLSchema-instance" xsi:noNamespaceSchemaLocation="https://maven.apache.org/surefire/maven-surefire-plugin/xsd/surefire-test-report.xsd" name="org.orekit.estimation.measurements.GroundStationTest" time="59.271" tests="58" errors="0" skipped="0" failures="0">
  <properties>
    <property name="java.runtime.name" value="OpenJDK Runtime Environment"/>
    <property name="sun.boot.library.path" value="/usr/lib/jvm/java-8-openjdk-amd64/jre/lib/amd64"/>
    <property name="java.vm.version" value="25.282-b08"/>
    <property name="java.vm.vendor" value="Private Build"/>
    <property name="maven.multiModuleProjectDirectory" value="/home/paolo/codes/constellation-manager/orekit/py_orekit"/>
    <property name="java.vendor.url" value="http://java.oracle.com/"/>
    <property name="path.separator" value=":"/>
    <property name="guice.disable.misplaced.annotation.check" value="true"/>
    <property name="java.vm.name" value="OpenJDK 64-Bit Server VM"/>
    <property name="file.encoding.pkg" value="sun.io"/>
    <property name="sun.java.launcher" value="SUN_STANDARD"/>
    <property name="sun.os.patch.level" value="unknown"/>
    <property name="java.vm.specification.name" value="Java Virtual Machine Specification"/>
    <property name="user.dir" value="/home/paolo/codes/constellation-manager/orekit/py_orekit"/>
    <property name="java.runtime.version" value="1.8.0_282-8u282-b08-0ubuntu1~20.04-b08"/>
    <property name="java.awt.graphicsenv" value="sun.awt.X11GraphicsEnvironment"/>
    <property name="java.endorsed.dirs" value="/usr/lib/jvm/java-8-openjdk-amd64/jre/lib/endorsed"/>
    <property name="os.arch" value="amd64"/>
    <property name="java.io.tmpdir" value="/tmp"/>
    <property name="line.separator" value="&#10;"/>
    <property name="java.vm.specification.vendor" value="Oracle Corporation"/>
    <property name="os.name" value="Linux"/>
    <property name="classworlds.conf" value="/usr/share/maven/bin/m2.conf"/>
    <property name="sun.jnu.encoding" value="UTF-8"/>
    <property name="java.library.path" value="/usr/java/packages/lib/amd64:/usr/lib/x86_64-linux-gnu/jni:/lib/x86_64-linux-gnu:/usr/lib/x86_64-linux-gnu:/usr/lib/jni:/lib:/usr/lib"/>
    <property name="maven.conf" value="/usr/share/maven/conf"/>
    <property name="java.specification.name" value="Java Platform API Specification"/>
    <property name="java.class.version" value="52.0"/>
    <property name="sun.management.compiler" value="HotSpot 64-Bit Tiered Compilers"/>
    <property name="os.version" value="5.4.72-microsoft-standard-WSL2"/>
    <property name="library.jansi.path" value="/usr/share/maven/lib/jansi-native"/>
    <property name="user.home" value="/home/paolo"/>
    <property name="user.timezone" value="Europe/Rome"/>
    <property name="java.awt.printerjob" value="sun.print.PSPrinterJob"/>
    <property name="java.specification.version" value="1.8"/>
    <property name="file.encoding" value="UTF-8"/>
    <property name="user.name" value="paolo"/>
    <property name="java.class.path" value="/usr/share/maven/boot/plexus-classworlds-2.x.jar"/>
    <property name="java.vm.specification.version" value="1.8"/>
    <property name="sun.arch.data.model" value="64"/>
    <property name="java.home" value="/usr/lib/jvm/java-8-openjdk-amd64/jre"/>
    <property name="sun.java.command" value="org.codehaus.plexus.classworlds.launcher.Launcher package"/>
    <property name="java.specification.vendor" value="Oracle Corporation"/>
    <property name="user.language" value="en"/>
    <property name="awt.toolkit" value="sun.awt.X11.XToolkit"/>
    <property name="java.vm.info" value="mixed mode"/>
    <property name="java.version" value="1.8.0_282"/>
    <property name="java.ext.dirs" value="/usr/lib/jvm/java-8-openjdk-amd64/jre/lib/ext:/usr/java/packages/lib/ext"/>
    <property name="securerandom.source" value="file:/dev/./urandom"/>
    <property name="sun.boot.class.path" value="/usr/lib/jvm/java-8-openjdk-amd64/jre/lib/resources.jar:/usr/lib/jvm/java-8-openjdk-amd64/jre/lib/rt.jar:/usr/lib/jvm/java-8-openjdk-amd64/jre/lib/sunrsasign.jar:/usr/lib/jvm/java-8-openjdk-amd64/jre/lib/jsse.jar:/usr/lib/jvm/java-8-openjdk-amd64/jre/lib/jce.jar:/usr/lib/jvm/java-8-openjdk-amd64/jre/lib/charsets.jar:/usr/lib/jvm/java-8-openjdk-amd64/jre/lib/jfr.jar:/usr/lib/jvm/java-8-openjdk-amd64/jre/classes"/>
    <property name="java.vendor" value="Private Build"/>
    <property name="maven.home" value="/usr/share/maven"/>
    <property name="file.separator" value="/"/>
    <property name="java.vendor.url.bug" value="http://bugreport.sun.com/bugreport/"/>
    <property name="sun.cpu.endian" value="little"/>
    <property name="sun.io.unicode.encoding" value="UnicodeLittle"/>
    <property name="sun.cpu.isalist" value=""/>
  </properties>
  <testcase name="testStationOffsetAngularDerivativesNearPole" classname="org.orekit.estimation.measurements.GroundStationTest" time="0.545"/>
  <testcase name="testPrimeMeridianAngularDerivativesOctantMxMyMz" classname="org.orekit.estimation.measurements.GroundStationTest" time="0.401"/>
  <testcase name="testPrimeMeridianAngularDerivativesOctantMxMyPz" classname="org.orekit.estimation.measurements.GroundStationTest" time="0.432"/>
  <testcase name="testPrimeMeridianAngularDerivativesOctantMxPyMz" classname="org.orekit.estimation.measurements.GroundStationTest" time="0.405"/>
  <testcase name="testPrimeMeridianAngularDerivativesOctantMxPyPz" classname="org.orekit.estimation.measurements.GroundStationTest" time="0.384"/>
  <testcase name="testPrimeMeridianAngularDerivativesOctantPxMyMz" classname="org.orekit.estimation.measurements.GroundStationTest" time="0.421"/>
  <testcase name="testPrimeMeridianAngularDerivativesOctantPxMyPz" classname="org.orekit.estimation.measurements.GroundStationTest" time="0.447"/>
  <testcase name="testPrimeMeridianAngularDerivativesOctantPxPyMz" classname="org.orekit.estimation.measurements.GroundStationTest" time="0.488"/>
  <testcase name="testPrimeMeridianAngularDerivativesOctantPxPyPz" classname="org.orekit.estimation.measurements.GroundStationTest" time="0.408"/>
  <testcase name="testPrimeMeridianCartesianDerivativesOctantMxMyMz" classname="org.orekit.estimation.measurements.GroundStationTest" time="0.395"/>
  <testcase name="testPrimeMeridianCartesianDerivativesOctantMxMyPz" classname="org.orekit.estimation.measurements.GroundStationTest" time="0.393"/>
  <testcase name="testPrimeMeridianCartesianDerivativesOctantMxPyMz" classname="org.orekit.estimation.measurements.GroundStationTest" time="0.442"/>
  <testcase name="testPrimeMeridianCartesianDerivativesOctantMxPyPz" classname="org.orekit.estimation.measurements.GroundStationTest" time="0.496"/>
  <testcase name="testPrimeMeridianCartesianDerivativesOctantPxMyMz" classname="org.orekit.estimation.measurements.GroundStationTest" time="0.536"/>
  <testcase name="testPrimeMeridianCartesianDerivativesOctantPxMyPz" classname="org.orekit.estimation.measurements.GroundStationTest" time="0.626"/>
  <testcase name="testPrimeMeridianCartesianDerivativesOctantPxPyMz" classname="org.orekit.estimation.measurements.GroundStationTest" time="0.51"/>
  <testcase name="testPrimeMeridianCartesianDerivativesOctantPxPyPz" classname="org.orekit.estimation.measurements.GroundStationTest" time="0.641"/>
  <testcase name="testPolarMotionAngularDerivativesOctantMxMyMz" classname="org.orekit.estimation.measurements.GroundStationTest" time="0.67"/>
  <testcase name="testPolarMotionAngularDerivativesOctantMxMyPz" classname="org.orekit.estimation.measurements.GroundStationTest" time="0.603"/>
  <testcase name="testPolarMotionAngularDerivativesOctantMxPyMz" classname="org.orekit.estimation.measurements.GroundStationTest" time="0.536"/>
  <testcase name="testPolarMotionAngularDerivativesOctantMxPyPz" classname="org.orekit.estimation.measurements.GroundStationTest" time="0.534"/>
  <testcase name="testPolarMotionAngularDerivativesNearPole" classname="org.orekit.estimation.measurements.GroundStationTest" time="0.512"/>
  <testcase name="testPolarMotionAngularDerivativesOctantPxMyMz" classname="org.orekit.estimation.measurements.GroundStationTest" time="0.515"/>
  <testcase name="testPolarMotionAngularDerivativesOctantPxMyPz" classname="org.orekit.estimation.measurements.GroundStationTest" time="0.552"/>
  <testcase name="testPolarMotionAngularDerivativesOctantPxPyMz" classname="org.orekit.estimation.measurements.GroundStationTest" time="0.583"/>
  <testcase name="testPolarMotionAngularDerivativesOctantPxPyPz" classname="org.orekit.estimation.measurements.GroundStationTest" time="0.569"/>
  <testcase name="testDeprecatedMethod" classname="org.orekit.estimation.measurements.GroundStationTest" time="0.076"/>
  <testcase name="testPrimeMeridianAngularDerivativesNearPole" classname="org.orekit.estimation.measurements.GroundStationTest" time="0.435"/>
  <testcase name="testPolarMotionCartesianDerivativesOctantMxMyMz" classname="org.orekit.estimation.measurements.GroundStationTest" time="0.609"/>
  <testcase name="testPolarMotionCartesianDerivativesOctantMxMyPz" classname="org.orekit.estimation.measurements.GroundStationTest" time="0.562"/>
  <testcase name="testPolarMotionCartesianDerivativesOctantMxPyMz" classname="org.orekit.estimation.measurements.GroundStationTest" time="0.562"/>
  <testcase name="testPolarMotionCartesianDerivativesOctantMxPyPz" classname="org.orekit.estimation.measurements.GroundStationTest" time="0.52"/>
  <testcase name="testPolarMotionCartesianDerivativesOctantPxMyMz" classname="org.orekit.estimation.measurements.GroundStationTest" time="0.523"/>
  <testcase name="testPolarMotionCartesianDerivativesOctantPxMyPz" classname="org.orekit.estimation.measurements.GroundStationTest" time="0.552"/>
  <testcase name="testPolarMotionCartesianDerivativesOctantPxPyMz" classname="org.orekit.estimation.measurements.GroundStationTest" time="0.629"/>
  <testcase name="testPolarMotionCartesianDerivativesOctantPxPyPz" classname="org.orekit.estimation.measurements.GroundStationTest" time="0.589"/>
  <testcase name="testNoReferenceDate" classname="org.orekit.estimation.measurements.GroundStationTest" time="0.033"/>
  <testcase name="testStationOffsetAngularDerivativesOctantMxMyMz" classname="org.orekit.estimation.measurements.GroundStationTest" time="0.457"/>
  <testcase name="testStationOffsetAngularDerivativesOctantMxMyPz" classname="org.orekit.estimation.measurements.GroundStationTest" time="0.459"/>
  <testcase name="testStationOffsetAngularDerivativesOctantMxPyMz" classname="org.orekit.estimation.measurements.GroundStationTest" time="0.464"/>
  <testcase name="testStationOffsetAngularDerivativesOctantMxPyPz" classname="org.orekit.estimation.measurements.GroundStationTest" time="0.439"/>
  <testcase name="testStationOffsetAngularDerivativesOctantPxMyMz" classname="org.orekit.estimation.measurements.GroundStationTest" time="0.461"/>
  <testcase name="testStationOffsetAngularDerivativesOctantPxMyPz" classname="org.orekit.estimation.measurements.GroundStationTest" time="0.486"/>
  <testcase name="testStationOffsetAngularDerivativesOctantPxPyMz" classname="org.orekit.estimation.measurements.GroundStationTest" time="0.532"/>
  <testcase name="testStationOffsetAngularDerivativesOctantPxPyPz" classname="org.orekit.estimation.measurements.GroundStationTest" time="0.509"/>
  <testcase name="testPrimeMeridianCartesianDerivativesNearPole" classname="org.orekit.estimation.measurements.GroundStationTest" time="0.461"/>
  <testcase name="testPolarMotionCartesianDerivativesNearPole" classname="org.orekit.estimation.measurements.GroundStationTest" time="0.614"/>
  <testcase name="testEstimateStationPosition" classname="org.orekit.estimation.measurements.GroundStationTest" time="5.283"/>
  <testcase name="testStationOffsetCartesianDerivativesOctantMxMyMz" classname="org.orekit.estimation.measurements.GroundStationTest" time="0.452"/>
  <testcase name="testStationOffsetCartesianDerivativesOctantMxMyPz" classname="org.orekit.estimation.measurements.GroundStationTest" time="0.443"/>
  <testcase name="testStationOffsetCartesianDerivativesOctantMxPyMz" classname="org.orekit.estimation.measurements.GroundStationTest" time="0.441"/>
  <testcase name="testStationOffsetCartesianDerivativesOctantMxPyPz" classname="org.orekit.estimation.measurements.GroundStationTest" time="0.448"/>
  <testcase name="testStationOffsetCartesianDerivativesNearPole" classname="org.orekit.estimation.measurements.GroundStationTest" time="0.439"/>
  <testcase name="testStationOffsetCartesianDerivativesOctantPxMyMz" classname="org.orekit.estimation.measurements.GroundStationTest" time="0.435"/>
  <testcase name="testStationOffsetCartesianDerivativesOctantPxMyPz" classname="org.orekit.estimation.measurements.GroundStationTest" time="0.447"/>
  <testcase name="testStationOffsetCartesianDerivativesOctantPxPyMz" classname="org.orekit.estimation.measurements.GroundStationTest" time="0.461"/>
  <testcase name="testStationOffsetCartesianDerivativesOctantPxPyPz" classname="org.orekit.estimation.measurements.GroundStationTest" time="0.473"/>
  <testcase name="testEstimateEOP" classname="org.orekit.estimation.measurements.GroundStationTest" time="26.927"/>
</testsuite>